  Main.cpp
C:\Users\lhw\Desktop\新建文件夹\Cpp-Learning\NewProject\NewProject\src\Main.cpp(36,2): error C2664: “void PrintEntity(const Entity &)”: 无法将参数 1 从“int”转换为“const Entity &”
C:\Users\lhw\Desktop\新建文件夹\Cpp-Learning\NewProject\NewProject\src\Main.cpp(36,14): message : 原因如下: 无法从“int”转换为“const Entity”
C:\Users\lhw\Desktop\新建文件夹\Cpp-Learning\NewProject\NewProject\src\Main.cpp(36,14): message : class“Entity”的构造函数声明为“explicit”
C:\Users\lhw\Desktop\新建文件夹\Cpp-Learning\NewProject\NewProject\src\Main.cpp(25,6): message : 参见“PrintEntity”的声明
C:\Users\lhw\Desktop\新建文件夹\Cpp-Learning\NewProject\NewProject\src\Main.cpp(36,2): message : 尝试匹配参数列表“(int)”时
C:\Users\lhw\Desktop\新建文件夹\Cpp-Learning\NewProject\NewProject\src\Main.cpp(46,2): error C2664: “void PrintEntity(const Entity &)”: 无法将参数 1 从“const char [4]”转换为“const Entity &”
C:\Users\lhw\Desktop\新建文件夹\Cpp-Learning\NewProject\NewProject\src\Main.cpp(46,14): message : 原因如下: 无法从“const char [4]”转换为“const Entity”
C:\Users\lhw\Desktop\新建文件夹\Cpp-Learning\NewProject\NewProject\src\Main.cpp(46,14): message : “Entity::Entity”: 没有重载函数可以转换所有参数类型
C:\Users\lhw\Desktop\新建文件夹\Cpp-Learning\NewProject\NewProject\src\Main.cpp(23,1): message : 可能是“Entity::Entity(Entity &&)”
C:\Users\lhw\Desktop\新建文件夹\Cpp-Learning\NewProject\NewProject\src\Main.cpp(46,14): message : “Entity::Entity(Entity &&)”: 无法将参数 1 从“const char [4]”转换为“Entity &&”
C:\Users\lhw\Desktop\新建文件夹\Cpp-Learning\NewProject\NewProject\src\Main.cpp(46,14): message : 原因如下: 无法从“const char [4]”转换为“Entity”
C:\Users\lhw\Desktop\新建文件夹\Cpp-Learning\NewProject\NewProject\src\Main.cpp(46,14): message : 转换要求第二个用户定义的转换运算符或构造函数
C:\Users\lhw\Desktop\新建文件夹\Cpp-Learning\NewProject\NewProject\src\Main.cpp(23,1): message : 或    “Entity::Entity(const Entity &)”
C:\Users\lhw\Desktop\新建文件夹\Cpp-Learning\NewProject\NewProject\src\Main.cpp(46,14): message : “Entity::Entity(const Entity &)”: 无法将参数 1 从“const char [4]”转换为“const Entity &”
C:\Users\lhw\Desktop\新建文件夹\Cpp-Learning\NewProject\NewProject\src\Main.cpp(46,14): message : 原因如下: 无法从“const char [4]”转换为“const Entity”
C:\Users\lhw\Desktop\新建文件夹\Cpp-Learning\NewProject\NewProject\src\Main.cpp(46,14): message : 转换要求第二个用户定义的转换运算符或构造函数
C:\Users\lhw\Desktop\新建文件夹\Cpp-Learning\NewProject\NewProject\src\Main.cpp(13,2): message : 或    “Entity::Entity(const String &)”
C:\Users\lhw\Desktop\新建文件夹\Cpp-Learning\NewProject\NewProject\src\Main.cpp(46,14): message : “Entity::Entity(const String &)”: 无法将参数 1 从“const char [4]”转换为“const String &”
C:\Users\lhw\Desktop\新建文件夹\Cpp-Learning\NewProject\NewProject\src\Main.cpp(46,14): message : 原因如下: 无法从“const char [4]”转换为“const String”
C:\Users\lhw\Desktop\新建文件夹\Cpp-Learning\NewProject\NewProject\src\Main.cpp(46,14): message : 转换要求第二个用户定义的转换运算符或构造函数
C:\Users\lhw\Desktop\新建文件夹\Cpp-Learning\NewProject\NewProject\src\Main.cpp(46,14): message : 尝试匹配参数列表“(const char [4])”时
C:\Users\lhw\Desktop\新建文件夹\Cpp-Learning\NewProject\NewProject\src\Main.cpp(25,6): message : 参见“PrintEntity”的声明
C:\Users\lhw\Desktop\新建文件夹\Cpp-Learning\NewProject\NewProject\src\Main.cpp(46,2): message : 尝试匹配参数列表“(const char [4])”时
C:\Users\lhw\Desktop\新建文件夹\Cpp-Learning\NewProject\NewProject\src\Main.cpp(50,12): error C2440: “初始化”: 无法从“const char [4]”转换为“Entity”
C:\Users\lhw\Desktop\新建文件夹\Cpp-Learning\NewProject\NewProject\src\Main.cpp(50,12): message : “Entity::Entity”: 没有重载函数可以转换所有参数类型
C:\Users\lhw\Desktop\新建文件夹\Cpp-Learning\NewProject\NewProject\src\Main.cpp(23,1): message : 可能是“Entity::Entity(Entity &&)”
C:\Users\lhw\Desktop\新建文件夹\Cpp-Learning\NewProject\NewProject\src\Main.cpp(50,12): message : “Entity::Entity(Entity &&)”: 无法将参数 1 从“const char [4]”转换为“Entity &&”
C:\Users\lhw\Desktop\新建文件夹\Cpp-Learning\NewProject\NewProject\src\Main.cpp(50,14): message : 原因如下: 无法从“const char [4]”转换为“Entity”
C:\Users\lhw\Desktop\新建文件夹\Cpp-Learning\NewProject\NewProject\src\Main.cpp(50,14): message : 转换要求第二个用户定义的转换运算符或构造函数
C:\Users\lhw\Desktop\新建文件夹\Cpp-Learning\NewProject\NewProject\src\Main.cpp(23,1): message : 或    “Entity::Entity(const Entity &)”
C:\Users\lhw\Desktop\新建文件夹\Cpp-Learning\NewProject\NewProject\src\Main.cpp(50,12): message : “Entity::Entity(const Entity &)”: 无法将参数 1 从“const char [4]”转换为“const Entity &”
C:\Users\lhw\Desktop\新建文件夹\Cpp-Learning\NewProject\NewProject\src\Main.cpp(50,14): message : 原因如下: 无法从“const char [4]”转换为“const Entity”
C:\Users\lhw\Desktop\新建文件夹\Cpp-Learning\NewProject\NewProject\src\Main.cpp(50,14): message : 转换要求第二个用户定义的转换运算符或构造函数
C:\Users\lhw\Desktop\新建文件夹\Cpp-Learning\NewProject\NewProject\src\Main.cpp(13,2): message : 或    “Entity::Entity(const String &)”
C:\Users\lhw\Desktop\新建文件夹\Cpp-Learning\NewProject\NewProject\src\Main.cpp(50,12): message : “Entity::Entity(const String &)”: 无法将参数 1 从“const char [4]”转换为“const String &”
C:\Users\lhw\Desktop\新建文件夹\Cpp-Learning\NewProject\NewProject\src\Main.cpp(50,14): message : 原因如下: 无法从“const char [4]”转换为“const String”
C:\Users\lhw\Desktop\新建文件夹\Cpp-Learning\NewProject\NewProject\src\Main.cpp(50,14): message : 转换要求第二个用户定义的转换运算符或构造函数
C:\Users\lhw\Desktop\新建文件夹\Cpp-Learning\NewProject\NewProject\src\Main.cpp(50,12): message : 尝试匹配参数列表“(const char [4])”时
